<?xml version="1.0" encoding="UTF-8"?>
<!-- Generated by org.testng.reporters.JUnitReportReporter -->
<testsuite hostname="DESKTOP-0FPO0BM" failures="0" tests="1" name="Practice4.Demo2" time="7.258" errors="0" timestamp="2024-11-08T10:52:32 IST" skipped="0">
  <testcase classname="Practice4.Demo2" name="begin" time="7.258"/>
</testsuite> <!-- Practice4.Demo2 -->
